app/build/intermediates/manifest_merge_blame_file/debug/manifest-merger-blame-debug-report.txt
1<?xml version="1.0" encoding="utf-8"?>
2<manifest xmlns:android="http://schemas.android.com/apk/res/android"
3    package="mx.keri.easyexpo"
4    android:versionCode="1"
5    android:versionName="1.0" >
6
7    <uses-sdk
8        android:minSdkVersion="19"
8-->src\main\AndroidManifest.xml
9        android:targetSdkVersion="29" />
9-->src\main\AndroidManifest.xml
10
11    <uses-permission android:name="android.permission.ACCESS_COARSE_LOCATION" >
11-->src\main\AndroidManifest.xml:5:5-6:23
11-->src\main\AndroidManifest.xml:5:22-78
12    </uses-permission>
13
14    <!-- Needed for Bluetooth low energy scanning. -->
15    <uses-permission android:name="android.permission.BLUETOOTH" />
15-->[com.estimote:mgmtsdk:1.4.6] AndroidManifest.xml:10:5-68
15-->[com.estimote:mgmtsdk:1.4.6] AndroidManifest.xml:10:22-65
16    <uses-permission android:name="android.permission.BLUETOOTH_ADMIN" /> <!-- Needed for Bluetooth scanning on Android M and above. -->
16-->[com.estimote:mgmtsdk:1.4.6] AndroidManifest.xml:11:5-74
16-->[com.estimote:mgmtsdk:1.4.6] AndroidManifest.xml:11:22-71
17    <uses-permission-sdk-23 android:name="android.permission.ACCESS_COARSE_LOCATION" /> <!-- Needed for Estimote Cloud. -->
17-->[com.estimote:mgmtsdk:1.4.6] AndroidManifest.xml:13:5-88
17-->[com.estimote:mgmtsdk:1.4.6] AndroidManifest.xml:13:29-85
18    <uses-permission android:name="android.permission.INTERNET" />
18-->[com.estimote:mgmtsdk:1.4.6] AndroidManifest.xml:15:5-67
18-->[com.estimote:mgmtsdk:1.4.6] AndroidManifest.xml:15:22-64
19    <uses-permission android:name="android.permission.ACCESS_NETWORK_STATE" />
19-->[com.estimote:mgmtsdk:1.4.6] AndroidManifest.xml:16:5-79
19-->[com.estimote:mgmtsdk:1.4.6] AndroidManifest.xml:16:22-76
20
21    <uses-feature
21-->[com.estimote:mgmtsdk:1.4.6] AndroidManifest.xml:18:5-20:36
22        android:name="android.hardware.bluetooth_le"
22-->[com.estimote:mgmtsdk:1.4.6] AndroidManifest.xml:19:9-53
23        android:required="false" />
23-->[com.estimote:mgmtsdk:1.4.6] AndroidManifest.xml:20:9-33
24
25    <application
25-->src\main\AndroidManifest.xml:8:5-27:19
26        android:allowBackup="true"
26-->src\main\AndroidManifest.xml:9:9-35
27        android:appComponentFactory="androidx.core.app.CoreComponentFactory"
27-->[androidx.core:core:1.0.2] AndroidManifest.xml:22:18-86
28        android:debuggable="true"
29        android:icon="@mipmap/logo_app"
29-->src\main\AndroidManifest.xml:10:9-40
30        android:label="@string/app_name"
30-->src\main\AndroidManifest.xml:11:9-41
31        android:supportsRtl="true"
31-->src\main\AndroidManifest.xml:12:9-35
32        android:testOnly="true"
33        android:theme="@style/AppTheme" >
33-->src\main\AndroidManifest.xml:13:9-40
34        <activity android:name="mx.keri.easyexpo.infoObra" />
34-->src\main\AndroidManifest.xml:14:9-55
34-->src\main\AndroidManifest.xml:14:19-43
35        <activity android:name="mx.keri.easyexpo.infoMuseo" />
35-->src\main\AndroidManifest.xml:15:9-47
35-->src\main\AndroidManifest.xml:15:19-44
36        <activity android:name="mx.keri.easyexpo.about_fragmento" />
36-->src\main\AndroidManifest.xml:16:9-53
36-->src\main\AndroidManifest.xml:16:19-50
37        <activity android:name="mx.keri.easyexpo.museos" />
37-->src\main\AndroidManifest.xml:17:9-44
37-->src\main\AndroidManifest.xml:17:19-41
38        <activity
38-->src\main\AndroidManifest.xml:18:9-26:20
39            android:name="mx.keri.easyexpo.activity_splash"
39-->src\main\AndroidManifest.xml:19:13-44
40            android:theme="@style/Theme.AppCompat.Light.NoActionBar" >
40-->src\main\AndroidManifest.xml:20:13-69
41            <intent-filter>
41-->src\main\AndroidManifest.xml:21:13-25:29
42                <action android:name="android.intent.action.MAIN" />
42-->src\main\AndroidManifest.xml:22:17-69
42-->src\main\AndroidManifest.xml:22:25-66
43
44                <category android:name="android.intent.category.LAUNCHER" />
44-->src\main\AndroidManifest.xml:24:17-77
44-->src\main\AndroidManifest.xml:24:27-74
45            </intent-filter>
46        </activity>
47
48        <service
48-->[com.estimote:mgmtsdk:1.4.6] AndroidManifest.xml:23:9-25:40
49            android:name="com.estimote.mgmtsdk.connection.strategy.DeviceConnectionProviderService"
49-->[com.estimote:mgmtsdk:1.4.6] AndroidManifest.xml:24:13-100
50            android:exported="false" />
50-->[com.estimote:mgmtsdk:1.4.6] AndroidManifest.xml:25:13-37
51        <service android:name="com.estimote.mgmtsdk.repackaged.dfu_v0_6_1.no.nordicsemi.android.dfu.DfuBaseService" />
51-->[com.estimote:mgmtsdk:1.4.6] AndroidManifest.xml:26:9-119
51-->[com.estimote:mgmtsdk:1.4.6] AndroidManifest.xml:26:18-116
52        <service
52-->[com.estimote:scanning-plugin:0.25.3] AndroidManifest.xml:19:9-22:40
53            android:name="com.estimote.scanning_plugin.packet_provider.service.PacketProviderWrapperService"
53-->[com.estimote:scanning-plugin:0.25.3] AndroidManifest.xml:20:13-109
54            android:enabled="true"
54-->[com.estimote:scanning-plugin:0.25.3] AndroidManifest.xml:21:13-35
55            android:exported="false" />
55-->[com.estimote:scanning-plugin:0.25.3] AndroidManifest.xml:22:13-37
56
57        <provider
57-->[com.squareup.picasso:picasso:2.71828] AndroidManifest.xml:8:9-11:40
58            android:name="com.squareup.picasso.PicassoProvider"
58-->[com.squareup.picasso:picasso:2.71828] AndroidManifest.xml:9:13-64
59            android:authorities="mx.keri.easyexpo.com.squareup.picasso"
59-->[com.squareup.picasso:picasso:2.71828] AndroidManifest.xml:10:13-72
60            android:exported="false" />
60-->[com.squareup.picasso:picasso:2.71828] AndroidManifest.xml:11:13-37
61
62        <service
62-->[com.google.firebase:firebase-database:19.2.0] AndroidManifest.xml:29:9-35:19
63            android:name="com.google.firebase.components.ComponentDiscoveryService"
63-->[com.google.firebase:firebase-database:19.2.0] AndroidManifest.xml:30:13-84
64            android:directBootAware="true"
64-->[com.google.firebase:firebase-common:19.2.0] AndroidManifest.xml:15:13-43
65            android:exported="false" >
65-->[com.google.firebase:firebase-database:19.2.0] AndroidManifest.xml:31:13-37
66            <meta-data
66-->[com.google.firebase:firebase-database:19.2.0] AndroidManifest.xml:32:13-34:85
67                android:name="com.google.firebase.components:com.google.firebase.database.DatabaseRegistrar"
67-->[com.google.firebase:firebase-database:19.2.0] AndroidManifest.xml:33:17-109
68                android:value="com.google.firebase.components.ComponentRegistrar" />
68-->[com.google.firebase:firebase-database:19.2.0] AndroidManifest.xml:34:17-82
69        </service>
70        <service
70-->[com.estimote:coresdk:1.3.4] AndroidManifest.xml:23:9-25:40
71            android:name="com.estimote.coresdk.service.BeaconService"
71-->[com.estimote:coresdk:1.3.4] AndroidManifest.xml:24:13-70
72            android:exported="false" />
72-->[com.estimote:coresdk:1.3.4] AndroidManifest.xml:25:13-37
73
74        <activity
74-->[com.estimote:coresdk:1.3.4] AndroidManifest.xml:27:9-29:56
75            android:name="com.estimote.coresdk.common.requirements.DefaultRequirementsCheckerCallback$Activity"
75-->[com.estimote:coresdk:1.3.4] AndroidManifest.xml:28:13-112
76            android:theme="@style/Theme.Transparent" />
76-->[com.estimote:coresdk:1.3.4] AndroidManifest.xml:29:13-53
77
78        <receiver android:name="com.estimote.coresdk.scanning.scheduling.SystemAlarmManager$AlarmBroadcastReceiver" />
78-->[com.estimote:coresdk:1.3.4] AndroidManifest.xml:31:9-119
78-->[com.estimote:coresdk:1.3.4] AndroidManifest.xml:31:19-116
79
80        <activity
80-->[com.google.android.gms:play-services-base:17.0.0] AndroidManifest.xml:23:9-26:75
81            android:name="com.google.android.gms.common.api.GoogleApiActivity"
81-->[com.google.android.gms:play-services-base:17.0.0] AndroidManifest.xml:24:13-79
82            android:exported="false"
82-->[com.google.android.gms:play-services-base:17.0.0] AndroidManifest.xml:25:13-37
83            android:theme="@android:style/Theme.Translucent.NoTitleBar" />
83-->[com.google.android.gms:play-services-base:17.0.0] AndroidManifest.xml:26:13-72
84
85        <provider
85-->[com.google.firebase:firebase-common:19.2.0] AndroidManifest.xml:19:9-23:39
86            android:name="com.google.firebase.provider.FirebaseInitProvider"
86-->[com.google.firebase:firebase-common:19.2.0] AndroidManifest.xml:20:13-77
87            android:authorities="mx.keri.easyexpo.firebaseinitprovider"
87-->[com.google.firebase:firebase-common:19.2.0] AndroidManifest.xml:21:13-72
88            android:exported="false"
88-->[com.google.firebase:firebase-common:19.2.0] AndroidManifest.xml:22:13-37
89            android:initOrder="100" />
89-->[com.google.firebase:firebase-common:19.2.0] AndroidManifest.xml:23:13-36
90
91        <meta-data
91-->[com.google.android.gms:play-services-basement:17.0.0] AndroidManifest.xml:23:9-25:69
92            android:name="com.google.android.gms.version"
92-->[com.google.android.gms:play-services-basement:17.0.0] AndroidManifest.xml:24:13-58
93            android:value="@integer/google_play_services_version" />
93-->[com.google.android.gms:play-services-basement:17.0.0] AndroidManifest.xml:25:13-66
94    </application>
95
96</manifest>